{
  "RSpec": {
    "coverage": {
      "/Users/cwmcelfresh/get_your_first_rails_job/haikus-api/app/models/user.rb": [
        1,
        1,
        1,
        null,
        1,
        1,
        1,
        null,
        1,
        1,
        1,
        1,
        null,
        null,
        null,
        null,
        null,
        1,
        4,
        4,
        4,
        null,
        null,
        null
      ],
      "/Users/cwmcelfresh/get_your_first_rails_job/haikus-api/app/controllers/api_keys_controller.rb": [
        1,
        1,
        1,
        1,
        1,
        1,
        1,
        null,
        0,
        null,
        null,
        null,
        null
      ],
      "/Users/cwmcelfresh/get_your_first_rails_job/haikus-api/app/controllers/application_controller.rb": [
        1,
        1,
        null,
        1,
        12,
        12,
        null,
        null,
        null
      ],
      "/Users/cwmcelfresh/get_your_first_rails_job/haikus-api/app/models/api_key.rb": [
        1,
        1,
        null,
        1,
        null,
        1,
        null,
        13,
        13,
        null,
        null,
        null
      ],
      "/Users/cwmcelfresh/get_your_first_rails_job/haikus-api/app/serializers/api_key_serializer.rb": [
        1,
        1,
        null
      ],
      "/Users/cwmcelfresh/get_your_first_rails_job/haikus-api/app/models/haiku.rb": [
        1,
        1,
        1,
        1,
        null
      ],
      "/Users/cwmcelfresh/get_your_first_rails_job/haikus-api/app/models/line.rb": [
        1,
        1,
        1,
        1,
        null
      ],
      "/Users/cwmcelfresh/get_your_first_rails_job/haikus-api/app/controllers/haikus_controller.rb": [
        1,
        1,
        1,
        1,
        null,
        null,
        1,
        1,
        1,
        null,
        null,
        1,
        1,
        1,
        1,
        null,
        0,
        null,
        null,
        null,
        1,
        1,
        1,
        1,
        null,
        0,
        null,
        null,
        null,
        1,
        1,
        1,
        1,
        null,
        null,
        1,
        null,
        1,
        1,
        null,
        null,
        1,
        1,
        null,
        null,
        null
      ],
      "/Users/cwmcelfresh/get_your_first_rails_job/haikus-api/app/serializers/haiku_serializer.rb": [
        1,
        1,
        null
      ],
      "/Users/cwmcelfresh/get_your_first_rails_job/haikus-api/app/serializers/line_serializer.rb": [
        1,
        1,
        null
      ],
      "/Users/cwmcelfresh/get_your_first_rails_job/haikus-api/app/controllers/lines_controller.rb": [
        1,
        1,
        1,
        1,
        null,
        null,
        1,
        1,
        1,
        1,
        null,
        0,
        null,
        null,
        null,
        1,
        1,
        1,
        1,
        null,
        0,
        null,
        null,
        null,
        1,
        1,
        1,
        null,
        null,
        1,
        1,
        1,
        1,
        null,
        null,
        1,
        null,
        1,
        2,
        null,
        null,
        null
      ],
      "/Users/cwmcelfresh/get_your_first_rails_job/haikus-api/app/controllers/users_controller.rb": [
        1,
        1,
        1,
        1,
        1,
        null,
        0,
        null,
        null,
        null,
        1,
        1,
        1,
        null,
        1,
        null,
        null,
        1,
        null,
        1,
        1,
        null,
        null
      ],
      "/Users/cwmcelfresh/get_your_first_rails_job/haikus-api/app/serializers/user_serializer.rb": [
        1,
        1,
        null
      ]
    },
    "timestamp": 1447029214
  }
}
